<?xml version="1.0" encoding="UTF-8"?>
<!-- Generated by org.testng.reporters.JUnitXMLReporter -->
<testsuite hostname="ubuntu" ignored="0" name="Test" tests="74" failures="6" timestamp="09 Aug 2018 02:40:43 GMT" time="25150.579" errors="0">
  <testcase name="@BeforeMethod openApplication" time="0.0" classname="org.sunbird.startup.BaseTest">
    <failure type="org.openqa.selenium.WebDriverException" message="unknown error: failed to change window state to maximized, current state is normal
  (Session info: chrome=68.0.3440.84)
  (Driver info: chromedriver=2.41.578700 (2f1ed5f9343c13f73144538f15c00b370eda6706),platform=Linux 4.15.0-30-generic x86_64) (WARNING: The server did not provide any stacktrace information)
Command duration or timeout: 0 milliseconds
Build info: version: &amp;apos;3.12.0&amp;apos;, revision: &amp;apos;7c6e0b3&amp;apos;, time: &amp;apos;2018-05-08T14:04:26.12Z&amp;apos;
System info: host: &amp;apos;ubuntu&amp;apos;, ip: &amp;apos;127.0.1.1&amp;apos;, os.name: &amp;apos;Linux&amp;apos;, os.arch: &amp;apos;amd64&amp;apos;, os.version: &amp;apos;4.15.0-30-generic&amp;apos;, java.version: &amp;apos;1.8.0_181&amp;apos;
Driver info: org.openqa.selenium.chrome.ChromeDriver
Capabilities {acceptInsecureCerts: false, acceptSslCerts: false, applicationCacheEnabled: false, browserConnectionEnabled: false, browserName: chrome, chrome: {chromedriverVersion: 2.41.578700 (2f1ed5f9343c13..., userDataDir: /tmp/.org.chromium.Chromium...}, cssSelectorsEnabled: true, databaseEnabled: false, goog:chromeOptions: {debuggerAddress: localhost:46461}, handlesAlerts: true, hasTouchScreen: false, javascriptEnabled: true, locationContextEnabled: true, mobileEmulationEnabled: false, nativeEvents: true, networkConnectionEnabled: false, pageLoadStrategy: normal, platform: LINUX, platformName: LINUX, rotatable: false, setWindowRect: true, takesHeapSnapshot: true, takesScreenshot: true, unexpectedAlertBehaviour: , unhandledPromptBehavior: , version: 68.0.3440.84, webStorageEnabled: true}
Session ID: 31ce6b0f8aacb339a4b805bc4227a18e">
      <![CDATA[org.openqa.selenium.WebDriverException: unknown error: failed to change window state to maximized, current state is normal
  (Session info: chrome=68.0.3440.84)
  (Driver info: chromedriver=2.41.578700 (2f1ed5f9343c13f73144538f15c00b370eda6706),platform=Linux 4.15.0-30-generic x86_64) (WARNING: The server did not provide any stacktrace information)
Command duration or timeout: 0 milliseconds
Build info: version: '3.12.0', revision: '7c6e0b3', time: '2018-05-08T14:04:26.12Z'
System info: host: 'ubuntu', ip: '127.0.1.1', os.name: 'Linux', os.arch: 'amd64', os.version: '4.15.0-30-generic', java.version: '1.8.0_181'
Driver info: org.openqa.selenium.chrome.ChromeDriver
Capabilities {acceptInsecureCerts: false, acceptSslCerts: false, applicationCacheEnabled: false, browserConnectionEnabled: false, browserName: chrome, chrome: {chromedriverVersion: 2.41.578700 (2f1ed5f9343c13..., userDataDir: /tmp/.org.chromium.Chromium...}, cssSelectorsEnabled: true, databaseEnabled: false, goog:chromeOptions: {debuggerAddress: localhost:46461}, handlesAlerts: true, hasTouchScreen: false, javascriptEnabled: true, locationContextEnabled: true, mobileEmulationEnabled: false, nativeEvents: true, networkConnectionEnabled: false, pageLoadStrategy: normal, platform: LINUX, platformName: LINUX, rotatable: false, setWindowRect: true, takesHeapSnapshot: true, takesScreenshot: true, unexpectedAlertBehaviour: , unhandledPromptBehavior: , version: 68.0.3440.84, webStorageEnabled: true}
Session ID: 31ce6b0f8aacb339a4b805bc4227a18e
	at org.openqa.selenium.remote.ErrorHandler.createThrowable(ErrorHandler.java:214)
	at org.openqa.selenium.remote.ErrorHandler.throwIfResponseFailed(ErrorHandler.java:166)
	at org.openqa.selenium.remote.http.JsonHttpResponseCodec.reconstructValue(JsonHttpResponseCodec.java:40)
	at org.openqa.selenium.remote.http.AbstractHttpResponseCodec.decode(AbstractHttpResponseCodec.java:80)
	at org.openqa.selenium.remote.http.AbstractHttpResponseCodec.decode(AbstractHttpResponseCodec.java:44)
	at org.openqa.selenium.remote.HttpCommandExecutor.execute(HttpCommandExecutor.java:158)
	at org.openqa.selenium.remote.service.DriverCommandExecutor.execute(DriverCommandExecutor.java:83)
	at org.openqa.selenium.remote.RemoteWebDriver.execute(RemoteWebDriver.java:543)
	at org.openqa.selenium.remote.RemoteWebDriver.execute(RemoteWebDriver.java:600)
	at org.openqa.selenium.remote.RemoteWebDriver$RemoteWebDriverOptions$RemoteWindow.maximize(RemoteWebDriver.java:828)
	at org.sunbird.startup.BaseTest.openApplication(BaseTest.java:24)
... Removed 31 stack frames]]>
    </failure>
  </testcase> <!-- @BeforeMethod openApplication -->
  <testcase name="@AfterMethod closeApplication" time="0.0" classname="org.sunbird.startup.BaseTest">
    <skipped/>
  </testcase> <!-- @AfterMethod closeApplication -->
  <testcase name="@BeforeMethod openApplication" time="0.0" classname="org.sunbird.startup.BaseTest">
    <skipped/>
  </testcase> <!-- @BeforeMethod openApplication -->
  <testcase name="@AfterMethod closeApplication" time="0.0" classname="org.sunbird.startup.BaseTest">
    <skipped/>
  </testcase> <!-- @AfterMethod closeApplication -->
  <testcase name="@BeforeMethod openApplication" time="0.0" classname="org.sunbird.startup.BaseTest">
    <skipped/>
  </testcase> <!-- @BeforeMethod openApplication -->
  <testcase name="@AfterMethod closeApplication" time="0.0" classname="org.sunbird.startup.BaseTest">
    <skipped/>
  </testcase> <!-- @AfterMethod closeApplication -->
  <testcase name="@BeforeMethod openApplication" time="0.0" classname="org.sunbird.startup.BaseTest">
    <skipped/>
  </testcase> <!-- @BeforeMethod openApplication -->
  <testcase name="@AfterMethod closeApplication" time="0.0" classname="org.sunbird.startup.BaseTest">
    <skipped/>
  </testcase> <!-- @AfterMethod closeApplication -->
  <testcase name="@BeforeMethod openApplication" time="0.0" classname="org.sunbird.startup.BaseTest">
    <skipped/>
  </testcase> <!-- @BeforeMethod openApplication -->
  <testcase name="@AfterMethod closeApplication" time="0.0" classname="org.sunbird.startup.BaseTest">
    <skipped/>
  </testcase> <!-- @AfterMethod closeApplication -->
  <testcase name="@BeforeMethod openApplication" time="0.0" classname="org.sunbird.startup.BaseTest">
    <skipped/>
  </testcase> <!-- @BeforeMethod openApplication -->
  <testcase name="@AfterMethod closeApplication" time="0.0" classname="org.sunbird.startup.BaseTest">
    <skipped/>
  </testcase> <!-- @AfterMethod closeApplication -->
  <testcase name="@BeforeMethod openApplication" time="0.0" classname="org.sunbird.startup.BaseTest">
    <skipped/>
  </testcase> <!-- @BeforeMethod openApplication -->
  <testcase name="@AfterMethod closeApplication" time="0.0" classname="org.sunbird.startup.BaseTest">
    <skipped/>
  </testcase> <!-- @AfterMethod closeApplication -->
  <testcase name="@BeforeMethod openApplication" time="0.0" classname="org.sunbird.startup.BaseTest">
    <skipped/>
  </testcase> <!-- @BeforeMethod openApplication -->
  <testcase name="@AfterMethod closeApplication" time="0.0" classname="org.sunbird.startup.BaseTest">
    <skipped/>
  </testcase> <!-- @AfterMethod closeApplication -->
  <testcase name="@BeforeMethod openApplication" time="0.0" classname="org.sunbird.startup.BaseTest">
    <skipped/>
  </testcase> <!-- @BeforeMethod openApplication -->
  <testcase name="@AfterMethod closeApplication" time="0.0" classname="org.sunbird.startup.BaseTest">
    <skipped/>
  </testcase> <!-- @AfterMethod closeApplication -->
  <testcase name="@BeforeMethod openApplication" time="0.0" classname="org.sunbird.startup.BaseTest">
    <skipped/>
  </testcase> <!-- @BeforeMethod openApplication -->
  <testcase name="@AfterMethod closeApplication" time="0.0" classname="org.sunbird.startup.BaseTest">
    <skipped/>
  </testcase> <!-- @AfterMethod closeApplication -->
  <testcase name="@BeforeMethod openApplication" time="0.0" classname="org.sunbird.startup.BaseTest">
    <skipped/>
  </testcase> <!-- @BeforeMethod openApplication -->
  <testcase name="@AfterMethod closeApplication" time="0.0" classname="org.sunbird.startup.BaseTest">
    <skipped/>
  </testcase> <!-- @AfterMethod closeApplication -->
  <testcase name="@BeforeMethod openApplication" time="0.0" classname="org.sunbird.startup.BaseTest">
    <skipped/>
  </testcase> <!-- @BeforeMethod openApplication -->
  <testcase name="@AfterMethod closeApplication" time="0.0" classname="org.sunbird.startup.BaseTest">
    <skipped/>
  </testcase> <!-- @AfterMethod closeApplication -->
  <testcase name="@BeforeMethod openApplication" time="0.0" classname="org.sunbird.startup.BaseTest">
    <skipped/>
  </testcase> <!-- @BeforeMethod openApplication -->
  <testcase name="@AfterMethod closeApplication" time="0.0" classname="org.sunbird.startup.BaseTest">
    <skipped/>
  </testcase> <!-- @AfterMethod closeApplication -->
  <testcase name="@BeforeMethod openApplication" time="0.0" classname="org.sunbird.startup.BaseTest">
    <skipped/>
  </testcase> <!-- @BeforeMethod openApplication -->
  <testcase name="@AfterMethod closeApplication" time="0.0" classname="org.sunbird.startup.BaseTest">
    <skipped/>
  </testcase> <!-- @AfterMethod closeApplication -->
  <testcase name="@BeforeMethod openApplication" time="0.0" classname="org.sunbird.startup.BaseTest">
    <skipped/>
  </testcase> <!-- @BeforeMethod openApplication -->
  <testcase name="@AfterMethod closeApplication" time="0.0" classname="org.sunbird.startup.BaseTest">
    <skipped/>
  </testcase> <!-- @AfterMethod closeApplication -->
  <testcase name="@BeforeMethod openApplication" time="0.0" classname="org.sunbird.startup.BaseTest">
    <skipped/>
  </testcase> <!-- @BeforeMethod openApplication -->
  <testcase name="@AfterMethod closeApplication" time="0.0" classname="org.sunbird.startup.BaseTest">
    <skipped/>
  </testcase> <!-- @AfterMethod closeApplication -->
  <testcase name="@BeforeMethod openApplication" time="0.0" classname="org.sunbird.startup.BaseTest">
    <skipped/>
  </testcase> <!-- @BeforeMethod openApplication -->
  <testcase name="@AfterMethod closeApplication" time="0.0" classname="org.sunbird.startup.BaseTest">
    <skipped/>
  </testcase> <!-- @AfterMethod closeApplication -->
  <testcase name="@BeforeMethod openApplication" time="0.0" classname="org.sunbird.startup.BaseTest">
    <skipped/>
  </testcase> <!-- @BeforeMethod openApplication -->
  <testcase name="@AfterMethod closeApplication" time="0.0" classname="org.sunbird.startup.BaseTest">
    <skipped/>
  </testcase> <!-- @AfterMethod closeApplication -->
  <testcase name="@BeforeMethod openApplication" time="0.0" classname="org.sunbird.startup.BaseTest">
    <skipped/>
  </testcase> <!-- @BeforeMethod openApplication -->
  <testcase name="@AfterMethod closeApplication" time="0.0" classname="org.sunbird.startup.BaseTest">
    <skipped/>
  </testcase> <!-- @AfterMethod closeApplication -->
  <testcase name="@BeforeMethod openApplication" time="0.0" classname="org.sunbird.startup.BaseTest">
    <skipped/>
  </testcase> <!-- @BeforeMethod openApplication -->
  <testcase name="@AfterMethod closeApplication" time="0.0" classname="org.sunbird.startup.BaseTest">
    <skipped/>
  </testcase> <!-- @AfterMethod closeApplication -->
  <testcase name="@BeforeMethod openApplication" time="0.0" classname="org.sunbird.startup.BaseTest">
    <skipped/>
  </testcase> <!-- @BeforeMethod openApplication -->
  <testcase name="@AfterMethod closeApplication" time="0.0" classname="org.sunbird.startup.BaseTest">
    <skipped/>
  </testcase> <!-- @AfterMethod closeApplication -->
  <testcase name="@BeforeMethod openApplication" time="0.0" classname="org.sunbird.startup.BaseTest">
    <skipped/>
  </testcase> <!-- @BeforeMethod openApplication -->
  <testcase name="@AfterMethod closeApplication" time="0.0" classname="org.sunbird.startup.BaseTest">
    <skipped/>
  </testcase> <!-- @AfterMethod closeApplication -->
  <testcase name="@BeforeMethod openApplication" time="0.0" classname="org.sunbird.startup.BaseTest">
    <skipped/>
  </testcase> <!-- @BeforeMethod openApplication -->
  <testcase name="@AfterMethod closeApplication" time="0.0" classname="org.sunbird.startup.BaseTest">
    <skipped/>
  </testcase> <!-- @AfterMethod closeApplication -->
  <testcase name="@BeforeMethod openApplication" time="0.0" classname="org.sunbird.startup.BaseTest">
    <skipped/>
  </testcase> <!-- @BeforeMethod openApplication -->
  <testcase name="@AfterMethod closeApplication" time="0.0" classname="org.sunbird.startup.BaseTest">
    <skipped/>
  </testcase> <!-- @AfterMethod closeApplication -->
  <testcase name="@BeforeMethod openApplication" time="0.0" classname="org.sunbird.startup.BaseTest">
    <skipped/>
  </testcase> <!-- @BeforeMethod openApplication -->
  <testcase name="@AfterMethod closeApplication" time="0.0" classname="org.sunbird.startup.BaseTest">
    <skipped/>
  </testcase> <!-- @AfterMethod closeApplication -->
  <testcase name="@BeforeMethod openApplication" time="0.0" classname="org.sunbird.startup.BaseTest">
    <skipped/>
  </testcase> <!-- @BeforeMethod openApplication -->
  <testcase name="@AfterMethod closeApplication" time="0.0" classname="org.sunbird.startup.BaseTest">
    <skipped/>
  </testcase> <!-- @AfterMethod closeApplication -->
  <testcase name="@BeforeMethod openApplication" time="0.0" classname="org.sunbird.startup.BaseTest">
    <skipped/>
  </testcase> <!-- @BeforeMethod openApplication -->
  <testcase name="@AfterMethod closeApplication" time="0.0" classname="org.sunbird.startup.BaseTest">
    <skipped/>
  </testcase> <!-- @AfterMethod closeApplication -->
  <testcase name="@BeforeMethod openApplication" time="0.0" classname="org.sunbird.startup.BaseTest">
    <skipped/>
  </testcase> <!-- @BeforeMethod openApplication -->
  <testcase name="@AfterMethod closeApplication" time="0.0" classname="org.sunbird.startup.BaseTest">
    <skipped/>
  </testcase> <!-- @AfterMethod closeApplication -->
  <testcase name="@BeforeMethod openApplication" time="0.0" classname="org.sunbird.startup.BaseTest">
    <skipped/>
  </testcase> <!-- @BeforeMethod openApplication -->
  <testcase name="@AfterMethod closeApplication" time="0.0" classname="org.sunbird.startup.BaseTest">
    <skipped/>
  </testcase> <!-- @AfterMethod closeApplication -->
  <testcase name="@BeforeMethod openApplication" time="0.0" classname="org.sunbird.startup.BaseTest">
    <skipped/>
  </testcase> <!-- @BeforeMethod openApplication -->
  <testcase name="@AfterMethod closeApplication" time="0.0" classname="org.sunbird.startup.BaseTest">
    <skipped/>
  </testcase> <!-- @AfterMethod closeApplication -->
  <testcase name="@BeforeMethod openApplication" time="0.0" classname="org.sunbird.startup.BaseTest">
    <skipped/>
  </testcase> <!-- @BeforeMethod openApplication -->
  <testcase name="@AfterMethod closeApplication" time="0.0" classname="org.sunbird.startup.BaseTest">
    <skipped/>
  </testcase> <!-- @AfterMethod closeApplication -->
  <testcase name="@BeforeMethod openApplication" time="0.0" classname="org.sunbird.startup.BaseTest">
    <skipped/>
  </testcase> <!-- @BeforeMethod openApplication -->
  <testcase name="@AfterMethod closeApplication" time="0.0" classname="org.sunbird.startup.BaseTest">
    <skipped/>
  </testcase> <!-- @AfterMethod closeApplication -->
  <testcase name="@BeforeMethod openApplication" time="0.0" classname="org.sunbird.startup.BaseTest">
    <skipped/>
  </testcase> <!-- @BeforeMethod openApplication -->
  <testcase name="@AfterMethod closeApplication" time="0.0" classname="org.sunbird.startup.BaseTest">
    <skipped/>
  </testcase> <!-- @AfterMethod closeApplication -->
  <testcase name="@BeforeMethod openApplication" time="0.0" classname="org.sunbird.startup.BaseTest">
    <skipped/>
  </testcase> <!-- @BeforeMethod openApplication -->
  <testcase name="@AfterMethod closeApplication" time="0.0" classname="org.sunbird.startup.BaseTest">
    <skipped/>
  </testcase> <!-- @AfterMethod closeApplication -->
  <testcase name="@BeforeMethod openApplication" time="0.0" classname="org.sunbird.startup.BaseTest">
    <skipped/>
  </testcase> <!-- @BeforeMethod openApplication -->
  <testcase name="@AfterMethod closeApplication" time="0.0" classname="org.sunbird.startup.BaseTest">
    <skipped/>
  </testcase> <!-- @AfterMethod closeApplication -->
  <testcase name="@BeforeMethod openApplication" time="0.0" classname="org.sunbird.startup.BaseTest">
    <skipped/>
  </testcase> <!-- @BeforeMethod openApplication -->
  <testcase name="@AfterMethod closeApplication" time="0.0" classname="org.sunbird.startup.BaseTest">
    <skipped/>
  </testcase> <!-- @AfterMethod closeApplication -->
  <testcase name="@BeforeMethod openApplication" time="0.0" classname="org.sunbird.startup.BaseTest">
    <skipped/>
  </testcase> <!-- @BeforeMethod openApplication -->
  <testcase name="@AfterMethod closeApplication" time="0.0" classname="org.sunbird.startup.BaseTest">
    <skipped/>
  </testcase> <!-- @AfterMethod closeApplication -->
  <testcase name="@BeforeMethod openApplication" time="0.0" classname="org.sunbird.startup.BaseTest">
    <skipped/>
  </testcase> <!-- @BeforeMethod openApplication -->
  <testcase name="@AfterMethod closeApplication" time="0.0" classname="org.sunbird.startup.BaseTest">
    <skipped/>
  </testcase> <!-- @AfterMethod closeApplication -->
  <testcase name="@BeforeMethod openApplication" time="0.0" classname="org.sunbird.startup.BaseTest">
    <skipped/>
  </testcase> <!-- @BeforeMethod openApplication -->
  <testcase name="@AfterMethod closeApplication" time="0.0" classname="org.sunbird.startup.BaseTest">
    <skipped/>
  </testcase> <!-- @AfterMethod closeApplication -->
  <testcase name="@BeforeMethod openApplication" time="0.0" classname="org.sunbird.startup.BaseTest">
    <skipped/>
  </testcase> <!-- @BeforeMethod openApplication -->
  <testcase name="@AfterMethod closeApplication" time="0.0" classname="org.sunbird.startup.BaseTest">
    <skipped/>
  </testcase> <!-- @AfterMethod closeApplication -->
  <testcase name="@BeforeMethod openApplication" time="0.0" classname="org.sunbird.startup.BaseTest">
    <skipped/>
  </testcase> <!-- @BeforeMethod openApplication -->
  <testcase name="@AfterMethod closeApplication" time="0.0" classname="org.sunbird.startup.BaseTest">
    <skipped/>
  </testcase> <!-- @AfterMethod closeApplication -->
  <testcase name="@BeforeMethod openApplication" time="0.0" classname="org.sunbird.startup.BaseTest">
    <skipped/>
  </testcase> <!-- @BeforeMethod openApplication -->
  <testcase name="@AfterMethod closeApplication" time="0.0" classname="org.sunbird.startup.BaseTest">
    <skipped/>
  </testcase> <!-- @AfterMethod closeApplication -->
  <testcase name="@BeforeMethod openApplication" time="0.0" classname="org.sunbird.startup.BaseTest">
    <skipped/>
  </testcase> <!-- @BeforeMethod openApplication -->
  <testcase name="@AfterMethod closeApplication" time="0.0" classname="org.sunbird.startup.BaseTest">
    <skipped/>
  </testcase> <!-- @AfterMethod closeApplication -->
  <testcase name="@BeforeMethod openApplication" time="0.0" classname="org.sunbird.startup.BaseTest">
    <skipped/>
  </testcase> <!-- @BeforeMethod openApplication -->
  <testcase name="@AfterMethod closeApplication" time="0.0" classname="org.sunbird.startup.BaseTest">
    <skipped/>
  </testcase> <!-- @AfterMethod closeApplication -->
  <testcase name="@BeforeMethod openApplication" time="0.0" classname="org.sunbird.startup.BaseTest">
    <skipped/>
  </testcase> <!-- @BeforeMethod openApplication -->
  <testcase name="@AfterMethod closeApplication" time="0.0" classname="org.sunbird.startup.BaseTest">
    <skipped/>
  </testcase> <!-- @AfterMethod closeApplication -->
  <testcase name="@BeforeMethod openApplication" time="0.0" classname="org.sunbird.startup.BaseTest">
    <skipped/>
  </testcase> <!-- @BeforeMethod openApplication -->
  <testcase name="@AfterMethod closeApplication" time="0.0" classname="org.sunbird.startup.BaseTest">
    <skipped/>
  </testcase> <!-- @AfterMethod closeApplication -->
  <testcase name="@BeforeMethod openApplication" time="0.0" classname="org.sunbird.startup.BaseTest">
    <skipped/>
  </testcase> <!-- @BeforeMethod openApplication -->
  <testcase name="@AfterMethod closeApplication" time="0.0" classname="org.sunbird.startup.BaseTest">
    <skipped/>
  </testcase> <!-- @AfterMethod closeApplication -->
  <testcase name="@BeforeMethod openApplication" time="0.0" classname="org.sunbird.startup.BaseTest">
    <skipped/>
  </testcase> <!-- @BeforeMethod openApplication -->
  <testcase name="@AfterMethod closeApplication" time="0.0" classname="org.sunbird.startup.BaseTest">
    <skipped/>
  </testcase> <!-- @AfterMethod closeApplication -->
  <testcase name="@BeforeMethod openApplication" time="0.0" classname="org.sunbird.startup.BaseTest">
    <skipped/>
  </testcase> <!-- @BeforeMethod openApplication -->
  <testcase name="@AfterMethod closeApplication" time="0.0" classname="org.sunbird.startup.BaseTest">
    <skipped/>
  </testcase> <!-- @AfterMethod closeApplication -->
  <testcase name="@BeforeMethod openApplication" time="0.0" classname="org.sunbird.startup.BaseTest">
    <skipped/>
  </testcase> <!-- @BeforeMethod openApplication -->
  <testcase name="@AfterMethod closeApplication" time="0.0" classname="org.sunbird.startup.BaseTest">
    <skipped/>
  </testcase> <!-- @AfterMethod closeApplication -->
  <testcase name="@BeforeMethod openApplication" time="0.0" classname="org.sunbird.startup.BaseTest">
    <skipped/>
  </testcase> <!-- @BeforeMethod openApplication -->
  <testcase name="@AfterMethod closeApplication" time="0.0" classname="org.sunbird.startup.BaseTest">
    <skipped/>
  </testcase> <!-- @AfterMethod closeApplication -->
  <testcase name="@BeforeMethod openApplication" time="0.0" classname="org.sunbird.startup.BaseTest">
    <skipped/>
  </testcase> <!-- @BeforeMethod openApplication -->
  <testcase name="@AfterMethod closeApplication" time="0.0" classname="org.sunbird.startup.BaseTest">
    <skipped/>
  </testcase> <!-- @AfterMethod closeApplication -->
  <testcase name="@BeforeMethod openApplication" time="0.0" classname="org.sunbird.startup.BaseTest">
    <skipped/>
  </testcase> <!-- @BeforeMethod openApplication -->
  <testcase name="@AfterMethod closeApplication" time="0.0" classname="org.sunbird.startup.BaseTest">
    <skipped/>
  </testcase> <!-- @AfterMethod closeApplication -->
  <testcase name="@BeforeMethod openApplication" time="0.0" classname="org.sunbird.startup.BaseTest">
    <skipped/>
  </testcase> <!-- @BeforeMethod openApplication -->
  <testcase name="@AfterMethod closeApplication" time="0.0" classname="org.sunbird.startup.BaseTest">
    <skipped/>
  </testcase> <!-- @AfterMethod closeApplication -->
  <testcase name="@BeforeMethod openApplication" time="0.0" classname="org.sunbird.startup.BaseTest">
    <skipped/>
  </testcase> <!-- @BeforeMethod openApplication -->
  <testcase name="@AfterMethod closeApplication" time="0.0" classname="org.sunbird.startup.BaseTest">
    <skipped/>
  </testcase> <!-- @AfterMethod closeApplication -->
  <testcase name="@BeforeMethod openApplication" time="0.0" classname="org.sunbird.startup.BaseTest">
    <skipped/>
  </testcase> <!-- @BeforeMethod openApplication -->
  <testcase name="@AfterMethod closeApplication" time="0.0" classname="org.sunbird.startup.BaseTest">
    <skipped/>
  </testcase> <!-- @AfterMethod closeApplication -->
  <testcase name="@BeforeMethod openApplication" time="0.0" classname="org.sunbird.startup.BaseTest">
    <skipped/>
  </testcase> <!-- @BeforeMethod openApplication -->
  <testcase name="@AfterMethod closeApplication" time="0.0" classname="org.sunbird.startup.BaseTest">
    <skipped/>
  </testcase> <!-- @AfterMethod closeApplication -->
  <testcase name="@BeforeMethod openApplication" time="0.0" classname="org.sunbird.startup.BaseTest">
    <skipped/>
  </testcase> <!-- @BeforeMethod openApplication -->
  <testcase name="@AfterMethod closeApplication" time="0.0" classname="org.sunbird.startup.BaseTest">
    <skipped/>
  </testcase> <!-- @AfterMethod closeApplication -->
  <testcase name="@BeforeMethod openApplication" time="0.0" classname="org.sunbird.startup.BaseTest">
    <skipped/>
  </testcase> <!-- @BeforeMethod openApplication -->
  <testcase name="@AfterMethod closeApplication" time="0.0" classname="org.sunbird.startup.BaseTest">
    <skipped/>
  </testcase> <!-- @AfterMethod closeApplication -->
  <testcase name="@BeforeMethod openApplication" time="0.0" classname="org.sunbird.startup.BaseTest">
    <skipped/>
  </testcase> <!-- @BeforeMethod openApplication -->
  <testcase name="@AfterMethod closeApplication" time="0.0" classname="org.sunbird.startup.BaseTest">
    <skipped/>
  </testcase> <!-- @AfterMethod closeApplication -->
  <testcase name="loginAndChangePasswordTestCase01_02" time="4.723" classname="org.sunbird.testscripts.PublicUser_TC01_02"/>
  <testcase name="NavigateToAnnouncementDashboard_TC01" time="87.825" classname="org.sunbird.testscripts.Announcement_TC01"/>
  <testcase name="skillEndorsementTestCase14" time="183.674" classname="org.sunbird.testscripts.PublicUser_TC14"/>
  <testcase name="CheckForDownloadButtonInMentor_TC10" time="58.199" classname="org.sunbird.testscripts.Mentor_TC10"/>
  <testcase name="enrollToCourseInOpenBatchMentor_TC14" time="98.483" classname="org.sunbird.testscripts.Mentor_TC14"/>
  <testcase name="consumeCourseByInvitedMemberInMentor_TC13" time="292.885" classname="org.sunbird.testscripts.Mentor_TC13"/>
  <testcase name="flagReviewerTestCase07" time="0.5" classname="org.sunbird.testscripts.FlagReviewer_TC07"/>
  <testcase name="testcaseMentor12" time="19.398" classname="org.sunbird.testscripts.Mentor_TC12">
    <failure type="java.lang.NullPointerException">
      <![CDATA[java.lang.NullPointerException
	at org.sunbird.generic.GenericFunctions.isFileDownloaded_Ext(GenericFunctions.java:447)
	at org.sunbird.testscripts.Mentor_TC12.testcaseMentor12(Mentor_TC12.java:54)
... Removed 25 stack frames]]>
    </failure>
  </testcase> <!-- testcaseMentor12 -->
  <testcase name="flagReviewerTestCase04" time="151.1" classname="org.sunbird.testscripts.FlagReviewer_TC04">
    <failure type="org.openqa.selenium.TimeoutException" message="Expected condition failed: waiting for visibility of Proxy element for: DefaultElementLocator &amp;apos;By.xpath: //div[@id=&amp;apos;conceptSelector_defaultTemplate-concept&amp;apos;]//input[@placeholder=&amp;apos;Search&amp;apos;]&amp;apos; (tried for 60 second(s) with 500 milliseconds interval)">
      <![CDATA[org.openqa.selenium.TimeoutException: Expected condition failed: waiting for visibility of Proxy element for: DefaultElementLocator 'By.xpath: //div[@id='conceptSelector_defaultTemplate-concept']//input[@placeholder='Search']' (tried for 60 second(s) with 500 milliseconds interval)
	at org.openqa.selenium.support.ui.WebDriverWait.timeoutException(WebDriverWait.java:81)
	at org.openqa.selenium.support.ui.FluentWait.until(FluentWait.java:271)
	at org.sunbird.generic.GenericFunctions.waitForElementToAppear(GenericFunctions.java:167)
	at org.sunbird.pageobjects.CreatorUserPageObj.createResource(CreatorUserPageObj.java:1135)
	at org.sunbird.testscripts.FlagReviewer_TC04.flagReviewerTestCase04(FlagReviewer_TC04.java:34)
Caused by: org.openqa.selenium.NoSuchElementException: no such element: Unable to locate element: {"method":"xpath","selector":"//div[@id='conceptSelector_defaultTemplate-concept']//input[@placeholder='Search']"}
  (Session info: chrome=68.0.3440.84)
  (Driver info: chromedriver=2.41.578700 (2f1ed5f9343c13f73144538f15c00b370eda6706),platform=Linux 4.15.0-30-generic x86_64) (WARNING: The server did not provide any stacktrace information)
Command duration or timeout: 0 milliseconds
For documentation on this error, please visit: http://seleniumhq.org/exceptions/no_such_element.html
Build info: version: '3.12.0', revision: '7c6e0b3', time: '2018-05-08T14:04:26.12Z'
System info: host: 'ubuntu', ip: '127.0.1.1', os.name: 'Linux', os.arch: 'amd64', os.version: '4.15.0-30-generic', java.version: '1.8.0_181'
Driver info: org.openqa.selenium.chrome.ChromeDriver
Capabilities {acceptInsecureCerts: false, acceptSslCerts: false, applicationCacheEnabled: false, browserConnectionEnabled: false, browserName: chrome, chrome: {chromedriverVersion: 2.41.578700 (2f1ed5f9343c13..., userDataDir: /tmp/.org.chromium.Chromium...}, cssSelectorsEnabled: true, databaseEnabled: false, goog:chromeOptions: {debuggerAddress: localhost:45419}, handlesAlerts: true, hasTouchScreen: false, javascriptEnabled: true, locationContextEnabled: true, mobileEmulationEnabled: false, nativeEvents: true, networkConnectionEnabled: false, pageLoadStrategy: normal, platform: LINUX, platformName: LINUX, rotatable: false, setWindowRect: true, takesHeapSnapshot: true, takesScreenshot: true, unexpectedAlertBehaviour: , unhandledPromptBehavior: , version: 68.0.3440.84, webStorageEnabled: true}
Session ID: 627173a526f0c8685824458d52d96511
*** Element info: {Using=xpath, value=//div[@id='conceptSelector_defaultTemplate-concept']//input[@placeholder='Search']}
	at org.openqa.selenium.remote.ErrorHandler.createThrowable(ErrorHandler.java:214)
	at org.openqa.selenium.remote.ErrorHandler.throwIfResponseFailed(ErrorHandler.java:166)
	at org.openqa.selenium.remote.http.JsonHttpResponseCodec.reconstructValue(JsonHttpResponseCodec.java:40)
	at org.openqa.selenium.remote.http.AbstractHttpResponseCodec.decode(AbstractHttpResponseCodec.java:80)
	at org.openqa.selenium.remote.http.AbstractHttpResponseCodec.decode(AbstractHttpResponseCodec.java:44)
	at org.openqa.selenium.remote.HttpCommandExecutor.execute(HttpCommandExecutor.java:158)
	at org.openqa.selenium.remote.service.DriverCommandExecutor.execute(DriverCommandExecutor.java:83)
	at org.openqa.selenium.remote.RemoteWebDriver.execute(RemoteWebDriver.java:543)
	at org.openqa.selenium.remote.RemoteWebDriver.findElement(RemoteWebDriver.java:317)
	at org.openqa.selenium.remote.RemoteWebDriver.findElementByXPath(RemoteWebDriver.java:419)
	at org.openqa.selenium.By$ByXPath.findElement(By.java:353)
	at org.openqa.selenium.remote.RemoteWebDriver.findElement(RemoteWebDriver.java:309)
	at org.openqa.selenium.support.pagefactory.DefaultElementLocator.findElement(DefaultElementLocator.java:69)
	at org.openqa.selenium.support.pagefactory.internal.LocatingElementHandler.invoke(LocatingElementHandler.java:38)
	at com.sun.proxy.$Proxy9.isDisplayed(Unknown Source)
	at org.openqa.selenium.support.ui.ExpectedConditions.elementIfVisible(ExpectedConditions.java:315)
	at org.openqa.selenium.support.ui.ExpectedConditions.access$100(ExpectedConditions.java:44)
	at org.openqa.selenium.support.ui.ExpectedConditions$10.apply(ExpectedConditions.java:301)
	at org.openqa.selenium.support.ui.ExpectedConditions$10.apply(ExpectedConditions.java:298)
	at org.openqa.selenium.support.ui.FluentWait.until(FluentWait.java:248)
	... 28 more
... Removed 29 stack frames]]>
    </failure>
  </testcase> <!-- flagReviewerTestCase04 -->
  <testcase name="checkForAuthenticUserInMentor_TC11" time="52.374" classname="org.sunbird.testscripts.Mentor_TC11"/>
  <testcase name="flagReviewerTestCase05" time="156.561" classname="org.sunbird.testscripts.FlagReviewer_TC05">
    <failure type="org.openqa.selenium.TimeoutException" message="Expected condition failed: waiting for visibility of Proxy element for: DefaultElementLocator &amp;apos;By.xpath: //div[@id=&amp;apos;conceptSelector_defaultTemplate-concept&amp;apos;]//input[@placeholder=&amp;apos;Search&amp;apos;]&amp;apos; (tried for 60 second(s) with 500 milliseconds interval)">
      <![CDATA[org.openqa.selenium.TimeoutException: Expected condition failed: waiting for visibility of Proxy element for: DefaultElementLocator 'By.xpath: //div[@id='conceptSelector_defaultTemplate-concept']//input[@placeholder='Search']' (tried for 60 second(s) with 500 milliseconds interval)
	at org.openqa.selenium.support.ui.WebDriverWait.timeoutException(WebDriverWait.java:81)
	at org.openqa.selenium.support.ui.FluentWait.until(FluentWait.java:271)
	at org.sunbird.generic.GenericFunctions.waitForElementToAppear(GenericFunctions.java:167)
	at org.sunbird.pageobjects.CreatorUserPageObj.createResource(CreatorUserPageObj.java:1135)
	at org.sunbird.testscripts.FlagReviewer_TC05.flagReviewerTestCase05(FlagReviewer_TC05.java:34)
Caused by: org.openqa.selenium.NoSuchElementException: no such element: Unable to locate element: {"method":"xpath","selector":"//div[@id='conceptSelector_defaultTemplate-concept']//input[@placeholder='Search']"}
  (Session info: chrome=68.0.3440.84)
  (Driver info: chromedriver=2.41.578700 (2f1ed5f9343c13f73144538f15c00b370eda6706),platform=Linux 4.15.0-30-generic x86_64) (WARNING: The server did not provide any stacktrace information)
Command duration or timeout: 0 milliseconds
For documentation on this error, please visit: http://seleniumhq.org/exceptions/no_such_element.html
Build info: version: '3.12.0', revision: '7c6e0b3', time: '2018-05-08T14:04:26.12Z'
System info: host: 'ubuntu', ip: '127.0.1.1', os.name: 'Linux', os.arch: 'amd64', os.version: '4.15.0-30-generic', java.version: '1.8.0_181'
Driver info: org.openqa.selenium.chrome.ChromeDriver
Capabilities {acceptInsecureCerts: false, acceptSslCerts: false, applicationCacheEnabled: false, browserConnectionEnabled: false, browserName: chrome, chrome: {chromedriverVersion: 2.41.578700 (2f1ed5f9343c13..., userDataDir: /tmp/.org.chromium.Chromium...}, cssSelectorsEnabled: true, databaseEnabled: false, goog:chromeOptions: {debuggerAddress: localhost:45945}, handlesAlerts: true, hasTouchScreen: false, javascriptEnabled: true, locationContextEnabled: true, mobileEmulationEnabled: false, nativeEvents: true, networkConnectionEnabled: false, pageLoadStrategy: normal, platform: LINUX, platformName: LINUX, rotatable: false, setWindowRect: true, takesHeapSnapshot: true, takesScreenshot: true, unexpectedAlertBehaviour: , unhandledPromptBehavior: , version: 68.0.3440.84, webStorageEnabled: true}
Session ID: fa69590d1213f43ed8d3dd89c80be8ba
*** Element info: {Using=xpath, value=//div[@id='conceptSelector_defaultTemplate-concept']//input[@placeholder='Search']}
	at org.openqa.selenium.remote.ErrorHandler.createThrowable(ErrorHandler.java:214)
	at org.openqa.selenium.remote.ErrorHandler.throwIfResponseFailed(ErrorHandler.java:166)
	at org.openqa.selenium.remote.http.JsonHttpResponseCodec.reconstructValue(JsonHttpResponseCodec.java:40)
	at org.openqa.selenium.remote.http.AbstractHttpResponseCodec.decode(AbstractHttpResponseCodec.java:80)
	at org.openqa.selenium.remote.http.AbstractHttpResponseCodec.decode(AbstractHttpResponseCodec.java:44)
	at org.openqa.selenium.remote.HttpCommandExecutor.execute(HttpCommandExecutor.java:158)
	at org.openqa.selenium.remote.service.DriverCommandExecutor.execute(DriverCommandExecutor.java:83)
	at org.openqa.selenium.remote.RemoteWebDriver.execute(RemoteWebDriver.java:543)
	at org.openqa.selenium.remote.RemoteWebDriver.findElement(RemoteWebDriver.java:317)
	at org.openqa.selenium.remote.RemoteWebDriver.findElementByXPath(RemoteWebDriver.java:419)
	at org.openqa.selenium.By$ByXPath.findElement(By.java:353)
	at org.openqa.selenium.remote.RemoteWebDriver.findElement(RemoteWebDriver.java:309)
	at org.openqa.selenium.support.pagefactory.DefaultElementLocator.findElement(DefaultElementLocator.java:69)
	at org.openqa.selenium.support.pagefactory.internal.LocatingElementHandler.invoke(LocatingElementHandler.java:38)
	at com.sun.proxy.$Proxy9.isDisplayed(Unknown Source)
	at org.openqa.selenium.support.ui.ExpectedConditions.elementIfVisible(ExpectedConditions.java:315)
	at org.openqa.selenium.support.ui.ExpectedConditions.access$100(ExpectedConditions.java:44)
	at org.openqa.selenium.support.ui.ExpectedConditions$10.apply(ExpectedConditions.java:301)
	at org.openqa.selenium.support.ui.ExpectedConditions$10.apply(ExpectedConditions.java:298)
	at org.openqa.selenium.support.ui.FluentWait.until(FluentWait.java:248)
	... 28 more
... Removed 29 stack frames]]>
    </failure>
  </testcase> <!-- flagReviewerTestCase05 -->
  <testcase name="resendAndVerifyAsReviewerAnnouncement_TC07" time="65.249" classname="org.sunbird.testscripts.Announcement_TC07">
    <failure type="org.openqa.selenium.NoSuchElementException" message="no such element: Unable to locate element: {&amp;quot;method&amp;quot;:&amp;quot;xpath&amp;quot;,&amp;quot;selector&amp;quot;:&amp;quot;//input[@placeholder=&amp;apos;Search for location&amp;apos;]&amp;quot;}
  (Session info: chrome=68.0.3440.84)
  (Driver info: chromedriver=2.41.578700 (2f1ed5f9343c13f73144538f15c00b370eda6706),platform=Linux 4.15.0-30-generic x86_64) (WARNING: The server did not provide any stacktrace information)
Command duration or timeout: 0 milliseconds
For documentation on this error, please visit: http://seleniumhq.org/exceptions/no_such_element.html
Build info: version: &amp;apos;3.12.0&amp;apos;, revision: &amp;apos;7c6e0b3&amp;apos;, time: &amp;apos;2018-05-08T14:04:26.12Z&amp;apos;
System info: host: &amp;apos;ubuntu&amp;apos;, ip: &amp;apos;127.0.1.1&amp;apos;, os.name: &amp;apos;Linux&amp;apos;, os.arch: &amp;apos;amd64&amp;apos;, os.version: &amp;apos;4.15.0-30-generic&amp;apos;, java.version: &amp;apos;1.8.0_181&amp;apos;
Driver info: org.openqa.selenium.chrome.ChromeDriver
Capabilities {acceptInsecureCerts: false, acceptSslCerts: false, applicationCacheEnabled: false, browserConnectionEnabled: false, browserName: chrome, chrome: {chromedriverVersion: 2.41.578700 (2f1ed5f9343c13..., userDataDir: /tmp/.org.chromium.Chromium...}, cssSelectorsEnabled: true, databaseEnabled: false, goog:chromeOptions: {debuggerAddress: localhost:33717}, handlesAlerts: true, hasTouchScreen: false, javascriptEnabled: true, locationContextEnabled: true, mobileEmulationEnabled: false, nativeEvents: true, networkConnectionEnabled: false, pageLoadStrategy: normal, platform: LINUX, platformName: LINUX, rotatable: false, setWindowRect: true, takesHeapSnapshot: true, takesScreenshot: true, unexpectedAlertBehaviour: , unhandledPromptBehavior: , version: 68.0.3440.84, webStorageEnabled: true}
Session ID: d452c31564edf9b12547c3a9b50bf3fe
*** Element info: {Using=xpath, value=//input[@placeholder=&amp;apos;Search for location&amp;apos;]}">
      <![CDATA[org.openqa.selenium.NoSuchElementException: no such element: Unable to locate element: {"method":"xpath","selector":"//input[@placeholder='Search for location']"}
  (Session info: chrome=68.0.3440.84)
  (Driver info: chromedriver=2.41.578700 (2f1ed5f9343c13f73144538f15c00b370eda6706),platform=Linux 4.15.0-30-generic x86_64) (WARNING: The server did not provide any stacktrace information)
Command duration or timeout: 0 milliseconds
For documentation on this error, please visit: http://seleniumhq.org/exceptions/no_such_element.html
Build info: version: '3.12.0', revision: '7c6e0b3', time: '2018-05-08T14:04:26.12Z'
System info: host: 'ubuntu', ip: '127.0.1.1', os.name: 'Linux', os.arch: 'amd64', os.version: '4.15.0-30-generic', java.version: '1.8.0_181'
Driver info: org.openqa.selenium.chrome.ChromeDriver
Capabilities {acceptInsecureCerts: false, acceptSslCerts: false, applicationCacheEnabled: false, browserConnectionEnabled: false, browserName: chrome, chrome: {chromedriverVersion: 2.41.578700 (2f1ed5f9343c13..., userDataDir: /tmp/.org.chromium.Chromium...}, cssSelectorsEnabled: true, databaseEnabled: false, goog:chromeOptions: {debuggerAddress: localhost:33717}, handlesAlerts: true, hasTouchScreen: false, javascriptEnabled: true, locationContextEnabled: true, mobileEmulationEnabled: false, nativeEvents: true, networkConnectionEnabled: false, pageLoadStrategy: normal, platform: LINUX, platformName: LINUX, rotatable: false, setWindowRect: true, takesHeapSnapshot: true, takesScreenshot: true, unexpectedAlertBehaviour: , unhandledPromptBehavior: , version: 68.0.3440.84, webStorageEnabled: true}
Session ID: d452c31564edf9b12547c3a9b50bf3fe
*** Element info: {Using=xpath, value=//input[@placeholder='Search for location']}
	at org.openqa.selenium.remote.ErrorHandler.createThrowable(ErrorHandler.java:214)
	at org.openqa.selenium.remote.ErrorHandler.throwIfResponseFailed(ErrorHandler.java:166)
	at org.openqa.selenium.remote.http.JsonHttpResponseCodec.reconstructValue(JsonHttpResponseCodec.java:40)
	at org.openqa.selenium.remote.http.AbstractHttpResponseCodec.decode(AbstractHttpResponseCodec.java:80)
	at org.openqa.selenium.remote.http.AbstractHttpResponseCodec.decode(AbstractHttpResponseCodec.java:44)
	at org.openqa.selenium.remote.HttpCommandExecutor.execute(HttpCommandExecutor.java:158)
	at org.openqa.selenium.remote.service.DriverCommandExecutor.execute(DriverCommandExecutor.java:83)
	at org.openqa.selenium.remote.RemoteWebDriver.execute(RemoteWebDriver.java:543)
	at org.openqa.selenium.remote.RemoteWebDriver.findElement(RemoteWebDriver.java:317)
	at org.openqa.selenium.remote.RemoteWebDriver.findElementByXPath(RemoteWebDriver.java:419)
	at org.openqa.selenium.By$ByXPath.findElement(By.java:353)
	at org.openqa.selenium.remote.RemoteWebDriver.findElement(RemoteWebDriver.java:309)
	at org.openqa.selenium.support.pagefactory.DefaultElementLocator.findElement(DefaultElementLocator.java:69)
	at org.openqa.selenium.support.pagefactory.internal.LocatingElementHandler.invoke(LocatingElementHandler.java:38)
	at com.sun.proxy.$Proxy9.click(Unknown Source)
	at org.sunbird.testscripts.Announcement_TC07.resendAndVerifyAsReviewerAnnouncement_TC07(Announcement_TC07.java:96)
... Removed 29 stack frames]]>
    </failure>
  </testcase> <!-- resendAndVerifyAsReviewerAnnouncement_TC07 -->
  <testcase name="resendAndVerifyAsReviewerAnnouncement_TC06" time="65.36" classname="org.sunbird.testscripts.Announcement_TC06">
    <failure type="org.openqa.selenium.NoSuchElementException" message="no such element: Unable to locate element: {&amp;quot;method&amp;quot;:&amp;quot;xpath&amp;quot;,&amp;quot;selector&amp;quot;:&amp;quot;//input[@placeholder=&amp;apos;Search for location&amp;apos;]&amp;quot;}
  (Session info: chrome=68.0.3440.84)
  (Driver info: chromedriver=2.41.578700 (2f1ed5f9343c13f73144538f15c00b370eda6706),platform=Linux 4.15.0-30-generic x86_64) (WARNING: The server did not provide any stacktrace information)
Command duration or timeout: 0 milliseconds
For documentation on this error, please visit: http://seleniumhq.org/exceptions/no_such_element.html
Build info: version: &amp;apos;3.12.0&amp;apos;, revision: &amp;apos;7c6e0b3&amp;apos;, time: &amp;apos;2018-05-08T14:04:26.12Z&amp;apos;
System info: host: &amp;apos;ubuntu&amp;apos;, ip: &amp;apos;127.0.1.1&amp;apos;, os.name: &amp;apos;Linux&amp;apos;, os.arch: &amp;apos;amd64&amp;apos;, os.version: &amp;apos;4.15.0-30-generic&amp;apos;, java.version: &amp;apos;1.8.0_181&amp;apos;
Driver info: org.openqa.selenium.chrome.ChromeDriver
Capabilities {acceptInsecureCerts: false, acceptSslCerts: false, applicationCacheEnabled: false, browserConnectionEnabled: false, browserName: chrome, chrome: {chromedriverVersion: 2.41.578700 (2f1ed5f9343c13..., userDataDir: /tmp/.org.chromium.Chromium...}, cssSelectorsEnabled: true, databaseEnabled: false, goog:chromeOptions: {debuggerAddress: localhost:35253}, handlesAlerts: true, hasTouchScreen: false, javascriptEnabled: true, locationContextEnabled: true, mobileEmulationEnabled: false, nativeEvents: true, networkConnectionEnabled: false, pageLoadStrategy: normal, platform: LINUX, platformName: LINUX, rotatable: false, setWindowRect: true, takesHeapSnapshot: true, takesScreenshot: true, unexpectedAlertBehaviour: , unhandledPromptBehavior: , version: 68.0.3440.84, webStorageEnabled: true}
Session ID: d97b4c24971e67c724ec5b539be38664
*** Element info: {Using=xpath, value=//input[@placeholder=&amp;apos;Search for location&amp;apos;]}">
      <![CDATA[org.openqa.selenium.NoSuchElementException: no such element: Unable to locate element: {"method":"xpath","selector":"//input[@placeholder='Search for location']"}
  (Session info: chrome=68.0.3440.84)
  (Driver info: chromedriver=2.41.578700 (2f1ed5f9343c13f73144538f15c00b370eda6706),platform=Linux 4.15.0-30-generic x86_64) (WARNING: The server did not provide any stacktrace information)
Command duration or timeout: 0 milliseconds
For documentation on this error, please visit: http://seleniumhq.org/exceptions/no_such_element.html
Build info: version: '3.12.0', revision: '7c6e0b3', time: '2018-05-08T14:04:26.12Z'
System info: host: 'ubuntu', ip: '127.0.1.1', os.name: 'Linux', os.arch: 'amd64', os.version: '4.15.0-30-generic', java.version: '1.8.0_181'
Driver info: org.openqa.selenium.chrome.ChromeDriver
Capabilities {acceptInsecureCerts: false, acceptSslCerts: false, applicationCacheEnabled: false, browserConnectionEnabled: false, browserName: chrome, chrome: {chromedriverVersion: 2.41.578700 (2f1ed5f9343c13..., userDataDir: /tmp/.org.chromium.Chromium...}, cssSelectorsEnabled: true, databaseEnabled: false, goog:chromeOptions: {debuggerAddress: localhost:35253}, handlesAlerts: true, hasTouchScreen: false, javascriptEnabled: true, locationContextEnabled: true, mobileEmulationEnabled: false, nativeEvents: true, networkConnectionEnabled: false, pageLoadStrategy: normal, platform: LINUX, platformName: LINUX, rotatable: false, setWindowRect: true, takesHeapSnapshot: true, takesScreenshot: true, unexpectedAlertBehaviour: , unhandledPromptBehavior: , version: 68.0.3440.84, webStorageEnabled: true}
Session ID: d97b4c24971e67c724ec5b539be38664
*** Element info: {Using=xpath, value=//input[@placeholder='Search for location']}
	at org.openqa.selenium.remote.ErrorHandler.createThrowable(ErrorHandler.java:214)
	at org.openqa.selenium.remote.ErrorHandler.throwIfResponseFailed(ErrorHandler.java:166)
	at org.openqa.selenium.remote.http.JsonHttpResponseCodec.reconstructValue(JsonHttpResponseCodec.java:40)
	at org.openqa.selenium.remote.http.AbstractHttpResponseCodec.decode(AbstractHttpResponseCodec.java:80)
	at org.openqa.selenium.remote.http.AbstractHttpResponseCodec.decode(AbstractHttpResponseCodec.java:44)
	at org.openqa.selenium.remote.HttpCommandExecutor.execute(HttpCommandExecutor.java:158)
	at org.openqa.selenium.remote.service.DriverCommandExecutor.execute(DriverCommandExecutor.java:83)
	at org.openqa.selenium.remote.RemoteWebDriver.execute(RemoteWebDriver.java:543)
	at org.openqa.selenium.remote.RemoteWebDriver.findElement(RemoteWebDriver.java:317)
	at org.openqa.selenium.remote.RemoteWebDriver.findElementByXPath(RemoteWebDriver.java:419)
	at org.openqa.selenium.By$ByXPath.findElement(By.java:353)
	at org.openqa.selenium.remote.RemoteWebDriver.findElement(RemoteWebDriver.java:309)
	at org.openqa.selenium.support.pagefactory.DefaultElementLocator.findElement(DefaultElementLocator.java:69)
	at org.openqa.selenium.support.pagefactory.internal.LocatingElementHandler.invoke(LocatingElementHandler.java:38)
	at com.sun.proxy.$Proxy9.click(Unknown Source)
	at org.sunbird.testscripts.Announcement_TC06.resendAndVerifyAsReviewerAnnouncement_TC06(Announcement_TC06.java:96)
... Removed 28 stack frames]]>
    </failure>
  </testcase> <!-- resendAndVerifyAsReviewerAnnouncement_TC06 -->
  <testcase name="createWithAttachmentAnnouncement_TC09" time="93.37" classname="org.sunbird.testscripts.Announcement_TC09">
    <failure type="org.openqa.selenium.NoSuchElementException" message="no such element: Unable to locate element: {&amp;quot;method&amp;quot;:&amp;quot;xpath&amp;quot;,&amp;quot;selector&amp;quot;:&amp;quot;//input[@placeholder=&amp;apos;Search for location&amp;apos;]&amp;quot;}
  (Session info: chrome=68.0.3440.84)
  (Driver info: chromedriver=2.41.578700 (2f1ed5f9343c13f73144538f15c00b370eda6706),platform=Linux 4.15.0-30-generic x86_64) (WARNING: The server did not provide any stacktrace information)
Command duration or timeout: 0 milliseconds
For documentation on this error, please visit: http://seleniumhq.org/exceptions/no_such_element.html
Build info: version: &amp;apos;3.12.0&amp;apos;, revision: &amp;apos;7c6e0b3&amp;apos;, time: &amp;apos;2018-05-08T14:04:26.12Z&amp;apos;
System info: host: &amp;apos;ubuntu&amp;apos;, ip: &amp;apos;127.0.1.1&amp;apos;, os.name: &amp;apos;Linux&amp;apos;, os.arch: &amp;apos;amd64&amp;apos;, os.version: &amp;apos;4.15.0-30-generic&amp;apos;, java.version: &amp;apos;1.8.0_181&amp;apos;
Driver info: org.openqa.selenium.chrome.ChromeDriver
Capabilities {acceptInsecureCerts: false, acceptSslCerts: false, applicationCacheEnabled: false, browserConnectionEnabled: false, browserName: chrome, chrome: {chromedriverVersion: 2.41.578700 (2f1ed5f9343c13..., userDataDir: /tmp/.org.chromium.Chromium...}, cssSelectorsEnabled: true, databaseEnabled: false, goog:chromeOptions: {debuggerAddress: localhost:37681}, handlesAlerts: true, hasTouchScreen: false, javascriptEnabled: true, locationContextEnabled: true, mobileEmulationEnabled: false, nativeEvents: true, networkConnectionEnabled: false, pageLoadStrategy: normal, platform: LINUX, platformName: LINUX, rotatable: false, setWindowRect: true, takesHeapSnapshot: true, takesScreenshot: true, unexpectedAlertBehaviour: , unhandledPromptBehavior: , version: 68.0.3440.84, webStorageEnabled: true}
Session ID: 547c848c6e7596cdea263e945ee4b0d6
*** Element info: {Using=xpath, value=//input[@placeholder=&amp;apos;Search for location&amp;apos;]}">
      <![CDATA[org.openqa.selenium.NoSuchElementException: no such element: Unable to locate element: {"method":"xpath","selector":"//input[@placeholder='Search for location']"}
  (Session info: chrome=68.0.3440.84)
  (Driver info: chromedriver=2.41.578700 (2f1ed5f9343c13f73144538f15c00b370eda6706),platform=Linux 4.15.0-30-generic x86_64) (WARNING: The server did not provide any stacktrace information)
Command duration or timeout: 0 milliseconds
For documentation on this error, please visit: http://seleniumhq.org/exceptions/no_such_element.html
Build info: version: '3.12.0', revision: '7c6e0b3', time: '2018-05-08T14:04:26.12Z'
System info: host: 'ubuntu', ip: '127.0.1.1', os.name: 'Linux', os.arch: 'amd64', os.version: '4.15.0-30-generic', java.version: '1.8.0_181'
Driver info: org.openqa.selenium.chrome.ChromeDriver
Capabilities {acceptInsecureCerts: false, acceptSslCerts: false, applicationCacheEnabled: false, browserConnectionEnabled: false, browserName: chrome, chrome: {chromedriverVersion: 2.41.578700 (2f1ed5f9343c13..., userDataDir: /tmp/.org.chromium.Chromium...}, cssSelectorsEnabled: true, databaseEnabled: false, goog:chromeOptions: {debuggerAddress: localhost:37681}, handlesAlerts: true, hasTouchScreen: false, javascriptEnabled: true, locationContextEnabled: true, mobileEmulationEnabled: false, nativeEvents: true, networkConnectionEnabled: false, pageLoadStrategy: normal, platform: LINUX, platformName: LINUX, rotatable: false, setWindowRect: true, takesHeapSnapshot: true, takesScreenshot: true, unexpectedAlertBehaviour: , unhandledPromptBehavior: , version: 68.0.3440.84, webStorageEnabled: true}
Session ID: 547c848c6e7596cdea263e945ee4b0d6
*** Element info: {Using=xpath, value=//input[@placeholder='Search for location']}
	at org.openqa.selenium.remote.ErrorHandler.createThrowable(ErrorHandler.java:214)
	at org.openqa.selenium.remote.ErrorHandler.throwIfResponseFailed(ErrorHandler.java:166)
	at org.openqa.selenium.remote.http.JsonHttpResponseCodec.reconstructValue(JsonHttpResponseCodec.java:40)
	at org.openqa.selenium.remote.http.AbstractHttpResponseCodec.decode(AbstractHttpResponseCodec.java:80)
	at org.openqa.selenium.remote.http.AbstractHttpResponseCodec.decode(AbstractHttpResponseCodec.java:44)
	at org.openqa.selenium.remote.HttpCommandExecutor.execute(HttpCommandExecutor.java:158)
	at org.openqa.selenium.remote.service.DriverCommandExecutor.execute(DriverCommandExecutor.java:83)
	at org.openqa.selenium.remote.RemoteWebDriver.execute(RemoteWebDriver.java:543)
	at org.openqa.selenium.remote.RemoteWebDriver.findElement(RemoteWebDriver.java:317)
	at org.openqa.selenium.remote.RemoteWebDriver.findElementByXPath(RemoteWebDriver.java:419)
	at org.openqa.selenium.By$ByXPath.findElement(By.java:353)
	at org.openqa.selenium.remote.RemoteWebDriver.findElement(RemoteWebDriver.java:309)
	at org.openqa.selenium.support.pagefactory.DefaultElementLocator.findElement(DefaultElementLocator.java:69)
	at org.openqa.selenium.support.pagefactory.internal.LocatingElementHandler.invoke(LocatingElementHandler.java:38)
	at com.sun.proxy.$Proxy9.click(Unknown Source)
	at org.sunbird.pageobjects.CreatorAnnouncementPageObj.CreateAnnouncementUsingAttachment(CreatorAnnouncementPageObj.java:155)
	at org.sunbird.testscripts.Announcement_TC09.createWithAttachmentAnnouncement_TC09(Announcement_TC09.java:48)
... Removed 28 stack frames]]>
    </failure>
  </testcase> <!-- createWithAttachmentAnnouncement_TC09 -->
  <testcase name="openAnnouncement_TC08" time="0.006" classname="org.sunbird.testscripts.Announcement_TC08">
    <skipped/>
  </testcase> <!-- openAnnouncement_TC08 -->
  <testcase name="deleteAnnouncement_TC03" time="0.027" classname="org.sunbird.testscripts.Announcement_TC03">
    <skipped/>
  </testcase> <!-- deleteAnnouncement_TC03 -->
  <testcase name="createAnnouncement_TC02" time="0.065" classname="org.sunbird.testscripts.Announcement_TC02">
    <skipped/>
  </testcase> <!-- createAnnouncement_TC02 -->
  <testcase name="resendAnnouncement_TC05" time="0.009" classname="org.sunbird.testscripts.Announcement_TC05">
    <skipped/>
  </testcase> <!-- resendAnnouncement_TC05 -->
  <testcase name="deleteAndVerifyAnnouncement_TC04" time="0.009" classname="org.sunbird.testscripts.Announcement_TC04">
    <skipped/>
  </testcase> <!-- deleteAndVerifyAnnouncement_TC04 -->
  <testcase name="testCase16" time="0.01" classname="org.sunbird.testscripts.Reviewer_TC16">
    <skipped/>
  </testcase> <!-- testCase16 -->
  <testcase name="testCase16" time="0.01" classname="org.sunbird.testscripts.Reviewer_TC14">
    <skipped/>
  </testcase> <!-- testCase16 -->
  <testcase name="createAnnouncement_TC02" time="0.008" classname="org.sunbird.testscripts.Announcement_TC02_03_04">
    <skipped/>
  </testcase> <!-- createAnnouncement_TC02 -->
  <testcase name="testCase01" time="0.007" classname="org.sunbird.testscripts.Reviewer_TC01">
    <skipped/>
  </testcase> <!-- testCase01 -->
  <testcase name="flagReviewerTestCase02" time="0.001" classname="org.sunbird.testscripts.FlagReviewer_TC02">
    <skipped/>
  </testcase> <!-- flagReviewerTestCase02 -->
  <testcase name="profileInfoUpdateTestCase11" time="0.003" classname="org.sunbird.testscripts.PublicUser_TC11">
    <skipped/>
  </testcase> <!-- profileInfoUpdateTestCase11 -->
  <testcase name="flagReviewerTestCase03" time="0.01" classname="org.sunbird.testscripts.FlagReviewer_TC03">
    <skipped/>
  </testcase> <!-- flagReviewerTestCase03 -->
  <testcase name="profilePhototTestCase10" time="0.003" classname="org.sunbird.testscripts.PublicUser_TC10">
    <skipped/>
  </testcase> <!-- profilePhototTestCase10 -->
  <testcase name="searchOrgsTestCase13" time="0.002" classname="org.sunbird.testscripts.PublicUser_TC13">
    <skipped/>
  </testcase> <!-- searchOrgsTestCase13 -->
  <testcase name="searchUsersTestCase12" time="0.003" classname="org.sunbird.testscripts.PublicUser_TC12">
    <skipped/>
  </testcase> <!-- searchUsersTestCase12 -->
  <testcase name="NavigateToMyActivityMentorTC_07" time="0.001" classname="org.sunbird.testscripts.Mentor_TC07">
    <skipped/>
  </testcase> <!-- NavigateToMyActivityMentorTC_07 -->
  <testcase name="updateBatchAsMemberInMentor_TC06" time="0.006" classname="org.sunbird.testscripts.Mentor_TC06">
    <skipped/>
  </testcase> <!-- updateBatchAsMemberInMentor_TC06 -->
  <testcase name="checkStatForOpenBatchMentor_TC05" time="0.004" classname="org.sunbird.testscripts.Mentor_TC05">
    <skipped/>
  </testcase> <!-- checkStatForOpenBatchMentor_TC05 -->
  <testcase name="verifyHomePageTestCase04" time="0.01" classname="org.sunbird.testscripts.PublicUser_TC04">
    <skipped/>
  </testcase> <!-- verifyHomePageTestCase04 -->
  <testcase name="forgotPasswordTestCase03" time="0.001" classname="org.sunbird.testscripts.PublicUser_TC03">
    <skipped/>
  </testcase> <!-- forgotPasswordTestCase03 -->
  <testcase name="suborgMentorInvitingOrgMentor_TC09" time="0.002" classname="org.sunbird.testscripts.Mentor_TC09">
    <skipped/>
  </testcase> <!-- suborgMentorInvitingOrgMentor_TC09 -->
  <testcase name="librarySearchTestCase06" time="0.001" classname="org.sunbird.testscripts.PublicUser_TC06">
    <skipped/>
  </testcase> <!-- librarySearchTestCase06 -->
  <testcase name="searchCourseTestCase05" time="0.003" classname="org.sunbird.testscripts.PublicUser_TC05">
    <skipped/>
  </testcase> <!-- searchCourseTestCase05 -->
  <testcase name="courseSearchFilterTestCase08" time="0.0" classname="org.sunbird.testscripts.PublicUser_TC08">
    <skipped/>
  </testcase> <!-- courseSearchFilterTestCase08 -->
  <testcase name="flagContentTestCase07" time="0.005" classname="org.sunbird.testscripts.PublicUser_TC07">
    <skipped/>
  </testcase> <!-- flagContentTestCase07 -->
  <testcase name="librarySearchFilterTestCase09" time="0.004" classname="org.sunbird.testscripts.PublicUser_TC09">
    <skipped/>
  </testcase> <!-- librarySearchFilterTestCase09 -->
  <testcase name="checkAvailabilityCourseForInvitedMemberInMentor_TC03" time="0.001" classname="org.sunbird.testscripts.Mentor_TC03">
    <skipped/>
  </testcase> <!-- checkAvailabilityCourseForInvitedMemberInMentor_TC03 -->
  <testcase name="consumeOpenCourseByPublicUserInMentor_TC02" time="0.007" classname="org.sunbird.testscripts.Mentor_TC02">
    <skipped/>
  </testcase> <!-- consumeOpenCourseByPublicUserInMentor_TC02 -->
  <testcase name="checkCourseStatAsMentor_TC01" time="0.001" classname="org.sunbird.testscripts.Mentor_TC01">
    <skipped/>
  </testcase> <!-- checkCourseStatAsMentor_TC01 -->
  <testcase name="uploadRootOrgTestCase01" time="0.005" classname="org.sunbird.testscripts.Admin_TC01">
    <skipped/>
  </testcase> <!-- uploadRootOrgTestCase01 -->
  <testcase name="flagReviewerTestCase01" time="0.001" classname="org.sunbird.testscripts.FlagReviewer_TC01">
    <skipped/>
  </testcase> <!-- flagReviewerTestCase01 -->
  <testcase name="courseCreationTestCase01" time="0.001" classname="org.sunbird.testscripts.Creator_TC01">
    <skipped/>
  </testcase> <!-- courseCreationTestCase01 -->
  <testcase name="bookCreationTestCase02" time="0.004" classname="org.sunbird.testscripts.Creator_TC02">
    <skipped/>
  </testcase> <!-- bookCreationTestCase02 -->
  <testcase name="rootOrgUsersTestCase03" time="0.005" classname="org.sunbird.testscripts.Admin_TC03">
    <skipped/>
  </testcase> <!-- rootOrgUsersTestCase03 -->
  <testcase name="uploadSubOrgTestCase02" time="0.003" classname="org.sunbird.testscripts.Admin_TC02">
    <skipped/>
  </testcase> <!-- uploadSubOrgTestCase02 -->
  <testcase name="lessonplanCreationTestCase03" time="0.005" classname="org.sunbird.testscripts.Creator_TC03">
    <skipped/>
  </testcase> <!-- lessonplanCreationTestCase03 -->
  <testcase name="subOrgUsersTestCase04" time="0.003" classname="org.sunbird.testscripts.Admin_TC04">
    <skipped/>
  </testcase> <!-- subOrgUsersTestCase04 -->
  <testcase name="uploadMp4TestCase04" time="0.0" classname="org.sunbird.testscripts.Creator_TC04">
    <skipped/>
  </testcase> <!-- uploadMp4TestCase04 -->
  <testcase name="rootUsersProviderAndExtIDtestCase05" time="0.004" classname="org.sunbird.testscripts.Admin_TC05">
    <skipped/>
  </testcase> <!-- rootUsersProviderAndExtIDtestCase05 -->
  <testcase name="uploadWebmTestCase05" time="0.007" classname="org.sunbird.testscripts.Creator_TC05">
    <skipped/>
  </testcase> <!-- uploadWebmTestCase05 -->
  <testcase name="subOrgUsersProviderAndExtIdtestCase06" time="0.005" classname="org.sunbird.testscripts.Admin_TC06">
    <skipped/>
  </testcase> <!-- subOrgUsersProviderAndExtIdtestCase06 -->
  <testcase name="uploadYoutubeTestCase06" time="0.001" classname="org.sunbird.testscripts.Creator_TC06">
    <skipped/>
  </testcase> <!-- uploadYoutubeTestCase06 -->
  <testcase name="adminDashboardTestCase07" time="0.001" classname="org.sunbird.testscripts.Admin_TC07">
    <skipped/>
  </testcase> <!-- adminDashboardTestCase07 -->
  <testcase name="uploadEpubTestCase07" time="0.003" classname="org.sunbird.testscripts.Creator_TC07">
    <skipped/>
  </testcase> <!-- uploadEpubTestCase07 -->
  <testcase name="uploadHtmlTestCase08" time="0.001" classname="org.sunbird.testscripts.Creator_TC08">
    <skipped/>
  </testcase> <!-- uploadHtmlTestCase08 -->
  <testcase name="adminCreationAndCsvTestCaseTC08_10" time="0.003" classname="org.sunbird.testscripts.Admin_TC08_10">
    <skipped/>
  </testcase> <!-- adminCreationAndCsvTestCaseTC08_10 -->
  <testcase name="adminConsumptionAndCsvTestCase09_11" time="0.001" classname="org.sunbird.testscripts.Admin_TC09_11">
    <skipped/>
  </testcase> <!-- adminConsumptionAndCsvTestCase09_11 -->
  <testcase name="uploadH5pTestCase09" time="0.001" classname="org.sunbird.testscripts.Creator_TC09">
    <skipped/>
  </testcase> <!-- uploadH5pTestCase09 -->
  <testcase name="collectionCreationTestCase10" time="0.003" classname="org.sunbird.testscripts.Creator_TC10">
    <skipped/>
  </testcase> <!-- collectionCreationTestCase10 -->
  <testcase name="resourceCreationTestCase11" time="0.006" classname="org.sunbird.testscripts.Creator_TC11">
    <skipped/>
  </testcase> <!-- resourceCreationTestCase11 -->
  <testcase name="myActivityTestCase12" time="0.003" classname="org.sunbird.testscripts.Creator_TC12">
    <skipped/>
  </testcase> <!-- myActivityTestCase12 -->
  <testcase name="editAndSendForReviewTestCase13" time="0.002" classname="org.sunbird.testscripts.Creator_TC13">
    <skipped/>
  </testcase> <!-- editAndSendForReviewTestCase13 -->
  <testcase name="contentLimitedSharingTestCase14" time="0.002" classname="org.sunbird.testscripts.Creator_TC14">
    <skipped/>
  </testcase> <!-- contentLimitedSharingTestCase14 -->
  <testcase name="checkReviewSubmissionTestCase15" time="0.006" classname="org.sunbird.testscripts.Creator_TC15">
    <skipped/>
  </testcase> <!-- checkReviewSubmissionTestCase15 -->
  <testcase name="checkReviewSubmissionTestCase15" time="0.001" classname="org.sunbird.testscripts.Creator_TC15">
    <skipped/>
  </testcase> <!-- checkReviewSubmissionTestCase15 -->
  <testcase name="verifyPublishedBucketTestCase16" time="0.002" classname="org.sunbird.testscripts.Creator_TC16">
    <skipped/>
  </testcase> <!-- verifyPublishedBucketTestCase16 -->
  <testcase name="dialCodeLinkTestCase17" time="0.001" classname="org.sunbird.testscripts.Creator_TC17">
    <skipped/>
  </testcase> <!-- dialCodeLinkTestCase17 -->
  <testcase name="unlinkDailcodeTestCase18" time="0.004" classname="org.sunbird.testscripts.Creator_TC18">
    <skipped/>
  </testcase> <!-- unlinkDailcodeTestCase18 -->
  <testcase name="bookCreatortestCase20" time="0.005" classname="org.sunbird.testscripts.Creator_TC20">
    <skipped/>
  </testcase> <!-- bookCreatortestCase20 -->
  <testcase name="bookCreateOptionValidation" time="0.005" classname="org.sunbird.testscripts.Creator_TC19">
    <skipped/>
  </testcase> <!-- bookCreateOptionValidation -->
</testsuite> <!-- Test -->
